<?xml version="1.0" encoding="UTF-8"?>
<testng-results ignored="0" total="1" passed="1" failed="0" skipped="0">
  <reporter-output>
  </reporter-output>
  <suite started-at="2026-04-06T11:50:56 IST" name="Surefire suite" finished-at="2026-04-06T11:51:04 IST" duration-ms="7838">
    <groups>
      <group name="cucumber">
        <method signature="AbstractTestNGCucumberTests.runScenario(io.cucumber.testng.PickleWrapper,io.cucumber.testng.FeatureWrapper)[pri:0, instance:test.java.runners.TestRunner@a9cd3b1]" name="runScenario" class="io.cucumber.testng.AbstractTestNGCucumberTests"/>
      </group> <!-- cucumber -->
    </groups>
    <test started-at="2026-04-06T11:50:56 IST" name="Surefire test" finished-at="2026-04-06T11:51:04 IST" duration-ms="7838">
      <class name="test.java.runners.TestRunner">
        <test-method is-config="true" signature="setUpClass(org.testng.ITestContext)[pri:0, instance:test.java.runners.TestRunner@a9cd3b1]" started-at="2026-04-06T11:50:56 IST" name="setUpClass" finished-at="2026-04-06T11:50:57 IST" duration-ms="604" status="PASS">
          <params>
            <param index="0">
              <value>
                <![CDATA[org.testng.TestRunner@106d77da]]>
              </value>
            </param>
          </params>
          <reporter-output>
          </reporter-output>
        </test-method> <!-- setUpClass -->
        <test-method signature="runScenario(io.cucumber.testng.PickleWrapper,io.cucumber.testng.FeatureWrapper)[pri:0, instance:test.java.runners.TestRunner@a9cd3b1]" started-at="2026-04-06T11:50:57 IST" name="runScenario" description="Runs Cucumber Scenarios" data-provider="scenarios" finished-at="2026-04-06T11:51:04 IST" duration-ms="7139" status="PASS">
          <params>
            <param index="0">
              <value>
                <![CDATA["Verify login page title"]]>
              </value>
            </param>
            <param index="1">
              <value>
                <![CDATA["Login Test"]]>
              </value>
            </param>
          </params>
          <reporter-output>
          </reporter-output>
        </test-method> <!-- runScenario -->
        <test-method is-config="true" signature="tearDownClass()[pri:0, instance:test.java.runners.TestRunner@a9cd3b1]" started-at="2026-04-06T11:51:04 IST" name="tearDownClass" finished-at="2026-04-06T11:51:04 IST" duration-ms="36" status="PASS">
          <reporter-output>
          </reporter-output>
        </test-method> <!-- tearDownClass -->
      </class> <!-- test.java.runners.TestRunner -->
    </test> <!-- Surefire test -->
  </suite> <!-- Surefire suite -->
</testng-results>
